;  LST file generated by mikroListExporter - v.2.0 
; Date/Time: 11/04/2020 05:57:12 p. m.
;----------------------------------------------

;Address Opcode 	ASM
0x0000	0x294C      	GOTO       332
_UART1_Write:
;__Lib_UART_c67.c,39 :: 		
;__Lib_UART_c67.c,40 :: 		
L_UART1_Write3:
0x0003	0x1683      	BSF        STATUS, 5
0x0004	0x1303      	BCF        STATUS, 6
0x0005	0x1898      	BTFSC      TXSTA, 1
0x0006	0x2809      	GOTO       L_UART1_Write4
;__Lib_UART_c67.c,41 :: 		
0x0007	0x0000      	NOP
0x0008	0x2803      	GOTO       L_UART1_Write3
L_UART1_Write4:
;__Lib_UART_c67.c,42 :: 		
0x0009	0x1283      	BCF        STATUS, 5
0x000A	0x0859      	MOVF       FARG_UART1_Write_data_, 0
0x000B	0x0099      	MOVWF      TXREG
;__Lib_UART_c67.c,43 :: 		
L_end_UART1_Write:
0x000C	0x0008      	RETURN
; end of _UART1_Write
_UART1_Data_Ready:
;__Lib_UART_c67.c,16 :: 		
;__Lib_UART_c67.c,17 :: 		
0x000D	0x3000      	MOVLW      0
0x000E	0x1283      	BCF        STATUS, 5
0x000F	0x1303      	BCF        STATUS, 6
0x0010	0x1A8C      	BTFSC      PIR1, 5
0x0011	0x3001      	MOVLW      1
0x0012	0x00F0      	MOVWF      R0
;__Lib_UART_c67.c,18 :: 		
L_end_UART1_Data_Ready:
0x0013	0x0008      	RETURN
; end of _UART1_Data_Ready
_UART1_Read:
;__Lib_UART_c67.c,21 :: 		
;__Lib_UART_c67.c,24 :: 		
0x0014	0x1283      	BCF        STATUS, 5
0x0015	0x1303      	BCF        STATUS, 6
0x0016	0x081A      	MOVF       RCREG, 0
0x0017	0x00F1      	MOVWF      R1
;__Lib_UART_c67.c,25 :: 		
0x0018	0x1C98      	BTFSS      RCSTA, 1
0x0019	0x281C      	GOTO       L_UART1_Read2
;__Lib_UART_c67.c,26 :: 		
0x001A	0x1218      	BCF        RCSTA, 4
;__Lib_UART_c67.c,27 :: 		
0x001B	0x1618      	BSF        RCSTA, 4
;__Lib_UART_c67.c,28 :: 		
L_UART1_Read2:
;__Lib_UART_c67.c,29 :: 		
0x001C	0x0871      	MOVF       R1, 0
0x001D	0x00F0      	MOVWF      R0
;__Lib_UART_c67.c,30 :: 		
L_end_UART1_Read:
0x001E	0x0008      	RETURN
; end of _UART1_Read
_____DoICP:
;__Lib_System.c,6 :: 		
;__Lib_System.c,9 :: 		
0x001F	0x1283      	BCF        STATUS, 5
0x0020	0x1303      	BCF        STATUS, 6
0x0021	0x082F      	MOVF       ___DoICPAddr+1, 0
0x0022	0x008A      	MOVWF      PCLATH
;__Lib_System.c,10 :: 		
0x0023	0x082E      	MOVF       ___DoICPAddr, 0
0x0024	0x0082      	MOVWF      PCL
;__Lib_System.c,12 :: 		
L_end_____DoICP:
0x0025	0x0008      	RETURN
; end of _____DoICP
_UART1_Write_Text:
;__Lib_UART_c67.c,47 :: 		
;__Lib_UART_c67.c,48 :: 		
0x0026	0x1283      	BCF        STATUS, 5
0x0027	0x1303      	BCF        STATUS, 6
0x0028	0x01D8      	CLRF       UART1_Write_Text_counter_L0
;__Lib_UART_c67.c,50 :: 		
0x0029	0x0856      	MOVF       FARG_UART1_Write_Text_uart_text, 0
0x002A	0x0084      	MOVWF      FSR
0x002B	0x0800      	MOVF       INDF, 0
0x002C	0x00D7      	MOVWF      UART1_Write_Text_data__L0
;__Lib_UART_c67.c,51 :: 		
L_UART1_Write_Text5:
0x002D	0x0857      	MOVF       UART1_Write_Text_data__L0, 0
0x002E	0x3A00      	XORLW      0
0x002F	0x1903      	BTFSC      STATUS, 2
0x0030	0x283B      	GOTO       L_UART1_Write_Text6
;__Lib_UART_c67.c,52 :: 		
0x0031	0x0857      	MOVF       UART1_Write_Text_data__L0, 0
0x0032	0x00D9      	MOVWF      FARG_UART1_Write_data_
0x0033	0x2003      	CALL       _UART1_Write
;__Lib_UART_c67.c,53 :: 		
0x0034	0x0AD8      	INCF       UART1_Write_Text_counter_L0, 1
;__Lib_UART_c67.c,54 :: 		
0x0035	0x0858      	MOVF       UART1_Write_Text_counter_L0, 0
0x0036	0x0756      	ADDWF      FARG_UART1_Write_Text_uart_text, 0
0x0037	0x0084      	MOVWF      FSR
0x0038	0x0800      	MOVF       INDF, 0
0x0039	0x00D7      	MOVWF      UART1_Write_Text_data__L0
;__Lib_UART_c67.c,55 :: 		
0x003A	0x282D      	GOTO       L_UART1_Write_Text5
L_UART1_Write_Text6:
;__Lib_UART_c67.c,56 :: 		
L_end_UART1_Write_Text:
0x003B	0x0008      	RETURN
; end of _UART1_Write_Text
_readData:
;Generalizador.c,3 :: 		unsigned char readData() {
;Generalizador.c,5 :: 		PORTB = 0x00;
0x003C	0x1283      	BCF        STATUS, 5
0x003D	0x1303      	BCF        STATUS, 6
0x003E	0x0186      	CLRF       PORTB
;Generalizador.c,6 :: 		while (1){
L_readData0:
;Generalizador.c,7 :: 		if(UART1_Data_Ready()){
0x003F	0x200D      	CALL       _UART1_Data_Ready
0x0040	0x0870      	MOVF       R0, 0
0x0041	0x1903      	BTFSC      STATUS, 2
0x0042	0x2847      	GOTO       L_readData2
;Generalizador.c,8 :: 		dato = UART1_Read();
0x0043	0x2014      	CALL       _UART1_Read
;Generalizador.c,9 :: 		PORTB = 0xFF;
0x0044	0x30FF      	MOVLW      255
0x0045	0x0086      	MOVWF      PORTB
;Generalizador.c,10 :: 		return dato;
0x0046	0x2848      	GOTO       L_end_readData
;Generalizador.c,11 :: 		}
L_readData2:
;Generalizador.c,12 :: 		}
0x0047	0x283F      	GOTO       L_readData0
;Generalizador.c,13 :: 		}
L_end_readData:
0x0048	0x0008      	RETURN
; end of _readData
_ascii2hex:
;Generalizador.c,15 :: 		unsigned char ascii2hex(){
;Generalizador.c,16 :: 		unsigned char dato = 0, datoh = 0;
0x0049	0x1283      	BCF        STATUS, 5
0x004A	0x1303      	BCF        STATUS, 6
0x004B	0x01D2      	CLRF       ascii2hex_dato_L0
0x004C	0x01D3      	CLRF       ascii2hex_datoh_L0
;Generalizador.c,17 :: 		dato = readData();
0x004D	0x203C      	CALL       _readData
0x004E	0x0870      	MOVF       R0, 0
0x004F	0x00D2      	MOVWF      ascii2hex_dato_L0
;Generalizador.c,18 :: 		datoh = readData();
0x0050	0x203C      	CALL       _readData
0x0051	0x0870      	MOVF       R0, 0
0x0052	0x00D3      	MOVWF      ascii2hex_datoh_L0
;Generalizador.c,19 :: 		dato = (dato>='A') ? (dato-55)<<4 : (dato-48)<<4;
0x0053	0x3041      	MOVLW      65
0x0054	0x0252      	SUBWF      ascii2hex_dato_L0, 0
0x0055	0x1C03      	BTFSS      STATUS, 0
0x0056	0x2867      	GOTO       L_ascii2hex3
0x0057	0x3037      	MOVLW      55
0x0058	0x0252      	SUBWF      ascii2hex_dato_L0, 0
0x0059	0x00CE      	MOVWF      ?FLOC___ascii2hexT3
0x005A	0x3004      	MOVLW      4
0x005B	0x00F0      	MOVWF      R0
0x005C	0x3000      	MOVLW      0
0x005D	0x00CF      	MOVWF      ?FLOC___ascii2hexT3+1
0x005E	0x0870      	MOVF       R0, 0
L__ascii2hex33:
0x005F	0x1903      	BTFSC      STATUS, 2
0x0060	0x2866      	GOTO       L__ascii2hex34
0x0061	0x0DCE      	RLF        ?FLOC___ascii2hexT3, 1
0x0062	0x0DCF      	RLF        ?FLOC___ascii2hexT3+1, 1
0x0063	0x104E      	BCF        ?FLOC___ascii2hexT3, 0
0x0064	0x3EFF      	ADDLW      255
0x0065	0x285F      	GOTO       L__ascii2hex33
L__ascii2hex34:
0x0066	0x2876      	GOTO       L_ascii2hex4
L_ascii2hex3:
0x0067	0x3030      	MOVLW      48
0x0068	0x0252      	SUBWF      ascii2hex_dato_L0, 0
0x0069	0x00CE      	MOVWF      ?FLOC___ascii2hexT3
0x006A	0x3004      	MOVLW      4
0x006B	0x00F0      	MOVWF      R0
0x006C	0x3000      	MOVLW      0
0x006D	0x00CF      	MOVWF      ?FLOC___ascii2hexT3+1
0x006E	0x0870      	MOVF       R0, 0
L__ascii2hex35:
0x006F	0x1903      	BTFSC      STATUS, 2
0x0070	0x2876      	GOTO       L__ascii2hex36
0x0071	0x0DCE      	RLF        ?FLOC___ascii2hexT3, 1
0x0072	0x0DCF      	RLF        ?FLOC___ascii2hexT3+1, 1
0x0073	0x104E      	BCF        ?FLOC___ascii2hexT3, 0
0x0074	0x3EFF      	ADDLW      255
0x0075	0x286F      	GOTO       L__ascii2hex35
L__ascii2hex36:
L_ascii2hex4:
0x0076	0x084E      	MOVF       ?FLOC___ascii2hexT3, 0
0x0077	0x00D2      	MOVWF      ascii2hex_dato_L0
;Generalizador.c,20 :: 		dato += (datoh>='A') ? datoh-55 : datoh-48;
0x0078	0x3041      	MOVLW      65
0x0079	0x0253      	SUBWF      ascii2hex_datoh_L0, 0
0x007A	0x1C03      	BTFSS      STATUS, 0
0x007B	0x2882      	GOTO       L_ascii2hex5
0x007C	0x3037      	MOVLW      55
0x007D	0x0253      	SUBWF      ascii2hex_datoh_L0, 0
0x007E	0x00D0      	MOVWF      ?FLOC___ascii2hexT8
0x007F	0x3000      	MOVLW      0
0x0080	0x00D1      	MOVWF      ?FLOC___ascii2hexT8+1
0x0081	0x2887      	GOTO       L_ascii2hex6
L_ascii2hex5:
0x0082	0x3030      	MOVLW      48
0x0083	0x0253      	SUBWF      ascii2hex_datoh_L0, 0
0x0084	0x00D0      	MOVWF      ?FLOC___ascii2hexT8
0x0085	0x3000      	MOVLW      0
0x0086	0x00D1      	MOVWF      ?FLOC___ascii2hexT8+1
L_ascii2hex6:
0x0087	0x0850      	MOVF       ?FLOC___ascii2hexT8, 0
0x0088	0x0752      	ADDWF      ascii2hex_dato_L0, 0
0x0089	0x00F0      	MOVWF      R0
0x008A	0x0870      	MOVF       R0, 0
0x008B	0x00D2      	MOVWF      ascii2hex_dato_L0
;Generalizador.c,21 :: 		PORTB = 0xFF;
0x008C	0x30FF      	MOVLW      255
0x008D	0x0086      	MOVWF      PORTB
;Generalizador.c,22 :: 		return dato;
;Generalizador.c,23 :: 		}
L_end_ascii2hex:
0x008E	0x0008      	RETURN
; end of _ascii2hex
_UART1_Init:
;__Lib_UART_c67.c,2 :: 		
;__Lib_UART_c67.c,5 :: 		
0x008F	0x1683      	BSF        STATUS, 5
0x0090	0x1303      	BCF        STATUS, 6
0x0091	0x1698      	BSF        TXSTA, 5
;__Lib_UART_c67.c,6 :: 		
0x0092	0x3090      	MOVLW      144
0x0093	0x1283      	BCF        STATUS, 5
0x0094	0x0098      	MOVWF      RCSTA
;__Lib_UART_c67.c,7 :: 		
0x0095	0x1683      	BSF        STATUS, 5
0x0096	0x1787      	BSF        TRISC7_bit, BitPos(TRISC7_bit+0)
;__Lib_UART_c67.c,8 :: 		
0x0097	0x1307      	BCF        TRISC6_bit, BitPos(TRISC6_bit+0)
;__Lib_UART_c67.c,10 :: 		
L_UART1_Init0:
0x0098	0x1283      	BCF        STATUS, 5
0x0099	0x1E8C      	BTFSS      PIR1, 5
0x009A	0x289E      	GOTO       L_UART1_Init1
;__Lib_UART_c67.c,11 :: 		
0x009B	0x081A      	MOVF       RCREG, 0
0x009C	0x00F0      	MOVWF      R0
0x009D	0x2898      	GOTO       L_UART1_Init0
L_UART1_Init1:
;__Lib_UART_c67.c,12 :: 		
L_end_UART1_Init:
0x009E	0x0008      	RETURN
; end of _UART1_Init
_write_eeprom:
;Generalizador.c,25 :: 		void write_eeprom(char * trama) {
;Generalizador.c,26 :: 		unsigned char i = 0, addrh = trama[1], addr = trama[2], size = trama[0]+5,  datal = 0, datah = 0;
0x009F	0x1283      	BCF        STATUS, 5
0x00A0	0x1303      	BCF        STATUS, 6
0x00A1	0x01D3      	CLRF       write_eeprom_i_L0
0x00A2	0x0A4E      	INCF       FARG_write_eeprom_trama, 0
0x00A3	0x0084      	MOVWF      FSR
0x00A4	0x0800      	MOVF       INDF, 0
0x00A5	0x00CF      	MOVWF      write_eeprom_addrh_L0
0x00A6	0x3002      	MOVLW      2
0x00A7	0x074E      	ADDWF      FARG_write_eeprom_trama, 0
0x00A8	0x0084      	MOVWF      FSR
0x00A9	0x0800      	MOVF       INDF, 0
0x00AA	0x00D0      	MOVWF      write_eeprom_addr_L0
;Generalizador.c,27 :: 		unsigned int dir = (addrh << 8 | addr)/2;
0x00AB	0x084F      	MOVF       write_eeprom_addrh_L0, 0
0x00AC	0x00D2      	MOVWF      write_eeprom_dir_L0+1
0x00AD	0x01D1      	CLRF       write_eeprom_dir_L0
0x00AE	0x0850      	MOVF       write_eeprom_addr_L0, 0
0x00AF	0x04D1      	IORWF      write_eeprom_dir_L0, 1
0x00B0	0x3000      	MOVLW      0
0x00B1	0x04D2      	IORWF      write_eeprom_dir_L0+1, 1
0x00B2	0x0CD2      	RRF        write_eeprom_dir_L0+1, 1
0x00B3	0x0CD1      	RRF        write_eeprom_dir_L0, 1
0x00B4	0x13D2      	BCF        write_eeprom_dir_L0+1, 7
;Generalizador.c,28 :: 		unsigned int dataf =0;
0x00B5	0x01D4      	CLRF       write_eeprom_dataf_L0
0x00B6	0x01D5      	CLRF       write_eeprom_dataf_L0+1
;Generalizador.c,30 :: 		addrh = dir>>8;
0x00B7	0x0852      	MOVF       write_eeprom_dir_L0+1, 0
0x00B8	0x00F0      	MOVWF      R0
0x00B9	0x01F1      	CLRF       R0+1
0x00BA	0x0870      	MOVF       R0, 0
0x00BB	0x00CF      	MOVWF      write_eeprom_addrh_L0
;Generalizador.c,31 :: 		addr = dir;
0x00BC	0x0851      	MOVF       write_eeprom_dir_L0, 0
0x00BD	0x00D0      	MOVWF      write_eeprom_addr_L0
;Generalizador.c,32 :: 		if(!((dir==0x0000)||(dir>0x1FFF))){
0x00BE	0x3000      	MOVLW      0
0x00BF	0x0652      	XORWF      write_eeprom_dir_L0+1, 0
0x00C0	0x1D03      	BTFSS      STATUS, 2
0x00C1	0x28C4      	GOTO       L__write_eeprom38
0x00C2	0x3000      	MOVLW      0
0x00C3	0x0651      	XORWF      write_eeprom_dir_L0, 0
L__write_eeprom38:
0x00C4	0x1903      	BTFSC      STATUS, 2
0x00C5	0x28D0      	GOTO       L_write_eeprom8
0x00C6	0x0852      	MOVF       write_eeprom_dir_L0+1, 0
0x00C7	0x3C1F      	SUBLW      31
0x00C8	0x1D03      	BTFSS      STATUS, 2
0x00C9	0x28CC      	GOTO       L__write_eeprom39
0x00CA	0x0851      	MOVF       write_eeprom_dir_L0, 0
0x00CB	0x3CFF      	SUBLW      255
L__write_eeprom39:
0x00CC	0x1C03      	BTFSS      STATUS, 0
0x00CD	0x28D0      	GOTO       L_write_eeprom8
0x00CE	0x01F0      	CLRF       R0
0x00CF	0x28D2      	GOTO       L_write_eeprom7
L_write_eeprom8:
0x00D0	0x3001      	MOVLW      1
0x00D1	0x00F0      	MOVWF      R0
L_write_eeprom7:
0x00D2	0x0870      	MOVF       R0, 0
0x00D3	0x1D03      	BTFSS      STATUS, 2
0x00D4	0x293C      	GOTO       L_write_eeprom9
;Generalizador.c,33 :: 		dir+=dir_offset;
0x00D5	0x3000      	MOVLW      0
0x00D6	0x07D1      	ADDWF      write_eeprom_dir_L0, 1
0x00D7	0x3005      	MOVLW      5
0x00D8	0x1803      	BTFSC      STATUS, 0
0x00D9	0x3E01      	ADDLW      1
0x00DA	0x07D2      	ADDWF      write_eeprom_dir_L0+1, 1
;Generalizador.c,34 :: 		for(i = 0; i<trama[0]/2; i++){
0x00DB	0x01D3      	CLRF       write_eeprom_i_L0
L_write_eeprom10:
0x00DC	0x084E      	MOVF       FARG_write_eeprom_trama, 0
0x00DD	0x0084      	MOVWF      FSR
0x00DE	0x0800      	MOVF       INDF, 0
0x00DF	0x00F2      	MOVWF      R2
0x00E0	0x0872      	MOVF       R2, 0
0x00E1	0x00F1      	MOVWF      R1
0x00E2	0x0CF1      	RRF        R1, 1
0x00E3	0x13F1      	BCF        R1, 7
0x00E4	0x0871      	MOVF       R1, 0
0x00E5	0x0253      	SUBWF      write_eeprom_i_L0, 0
0x00E6	0x1803      	BTFSC      STATUS, 0
0x00E7	0x293C      	GOTO       L_write_eeprom11
;Generalizador.c,35 :: 		datal = trama[i*2+4];
0x00E8	0x0853      	MOVF       write_eeprom_i_L0, 0
0x00E9	0x00F2      	MOVWF      R2
0x00EA	0x01F3      	CLRF       R2+1
0x00EB	0x0DF2      	RLF        R2, 1
0x00EC	0x0DF3      	RLF        R2+1, 1
0x00ED	0x1072      	BCF        R2, 0
0x00EE	0x3004      	MOVLW      4
0x00EF	0x0772      	ADDWF      R2, 0
0x00F0	0x00F0      	MOVWF      R0
0x00F1	0x0873      	MOVF       R2+1, 0
0x00F2	0x1803      	BTFSC      STATUS, 0
0x00F3	0x3E01      	ADDLW      1
0x00F4	0x00F1      	MOVWF      R0+1
0x00F5	0x0870      	MOVF       R0, 0
0x00F6	0x074E      	ADDWF      FARG_write_eeprom_trama, 0
0x00F7	0x0084      	MOVWF      FSR
0x00F8	0x0800      	MOVF       INDF, 0
0x00F9	0x00F4      	MOVWF      R4
;Generalizador.c,36 :: 		datah = trama[i*2+5];
0x00FA	0x3005      	MOVLW      5
0x00FB	0x0772      	ADDWF      R2, 0
0x00FC	0x00F0      	MOVWF      R0
0x00FD	0x0873      	MOVF       R2+1, 0
0x00FE	0x1803      	BTFSC      STATUS, 0
0x00FF	0x3E01      	ADDLW      1
0x0100	0x00F1      	MOVWF      R0+1
0x0101	0x0870      	MOVF       R0, 0
0x0102	0x074E      	ADDWF      FARG_write_eeprom_trama, 0
0x0103	0x0084      	MOVWF      FSR
0x0104	0x0800      	MOVF       INDF, 0
0x0105	0x00F1      	MOVWF      R1
;Generalizador.c,37 :: 		dataf = (datal << 8 | datah);
0x0106	0x0874      	MOVF       R4, 0
0x0107	0x00D5      	MOVWF      write_eeprom_dataf_L0+1
0x0108	0x01D4      	CLRF       write_eeprom_dataf_L0
0x0109	0x0871      	MOVF       R1, 0
0x010A	0x04D4      	IORWF      write_eeprom_dataf_L0, 1
0x010B	0x3000      	MOVLW      0
0x010C	0x04D5      	IORWF      write_eeprom_dataf_L0+1, 1
;Generalizador.c,38 :: 		if(datah==0x28) dataf+dir_offset;
0x010D	0x0871      	MOVF       R1, 0
0x010E	0x3A28      	XORLW      40
0x010F	0x1D03      	BTFSS      STATUS, 2
0x0110	0x2911      	GOTO       L_write_eeprom13
L_write_eeprom13:
;Generalizador.c,39 :: 		EEADR = addr;
0x0111	0x0850      	MOVF       write_eeprom_addr_L0, 0
0x0112	0x1703      	BSF        STATUS, 6
0x0113	0x008D      	MOVWF      EEADR
;Generalizador.c,40 :: 		EEADRH = addrh;
0x0114	0x1303      	BCF        STATUS, 6
0x0115	0x084F      	MOVF       write_eeprom_addrh_L0, 0
0x0116	0x1703      	BSF        STATUS, 6
0x0117	0x008F      	MOVWF      EEADRH
;Generalizador.c,41 :: 		EEDATA = dataf;
0x0118	0x1303      	BCF        STATUS, 6
0x0119	0x0854      	MOVF       write_eeprom_dataf_L0, 0
0x011A	0x1703      	BSF        STATUS, 6
0x011B	0x008C      	MOVWF      EEDATA
;Generalizador.c,42 :: 		EEDATH = dataf>>8;
0x011C	0x1303      	BCF        STATUS, 6
0x011D	0x0855      	MOVF       write_eeprom_dataf_L0+1, 0
0x011E	0x00F0      	MOVWF      R0
0x011F	0x01F1      	CLRF       R0+1
0x0120	0x0870      	MOVF       R0, 0
0x0121	0x1703      	BSF        STATUS, 6
0x0122	0x008E      	MOVWF      EEDATH
;Generalizador.c,43 :: 		EECON1.EEPGD = 1;
0x0123	0x1683      	BSF        STATUS, 5
0x0124	0x178C      	BSF        EECON1, 7
;Generalizador.c,44 :: 		EECON1.WREN = 1;
0x0125	0x150C      	BSF        EECON1, 2
;Generalizador.c,45 :: 		INTCON.GIE = 0;
0x0126	0x138B      	BCF        INTCON, 7
;Generalizador.c,46 :: 		EECON2 = 0x55;
0x0127	0x3055      	MOVLW      85
0x0128	0x008D      	MOVWF      EECON2
;Generalizador.c,47 :: 		EECON2 = 0xAA;
0x0129	0x30AA      	MOVLW      170
0x012A	0x008D      	MOVWF      EECON2
;Generalizador.c,48 :: 		EECON1.WR = 1;
0x012B	0x148C      	BSF        EECON1, 1
;Generalizador.c,50 :: 		nop
0x012C	0x0000      	NOP
;Generalizador.c,51 :: 		nop
0x012D	0x0000      	NOP
;Generalizador.c,53 :: 		while(EECON1.WR);
L_write_eeprom14:
0x012E	0x1C8C      	BTFSS      EECON1, 1
0x012F	0x2931      	GOTO       L_write_eeprom15
0x0130	0x292E      	GOTO       L_write_eeprom14
L_write_eeprom15:
;Generalizador.c,54 :: 		INTCON.GIE = 1;
0x0131	0x178B      	BSF        INTCON, 7
;Generalizador.c,55 :: 		if(addr == 0xFF) addrh+=0x01;
0x0132	0x1283      	BCF        STATUS, 5
0x0133	0x1303      	BCF        STATUS, 6
0x0134	0x0850      	MOVF       write_eeprom_addr_L0, 0
0x0135	0x3AFF      	XORLW      255
0x0136	0x1D03      	BTFSS      STATUS, 2
0x0137	0x2939      	GOTO       L_write_eeprom16
0x0138	0x0ACF      	INCF       write_eeprom_addrh_L0, 1
L_write_eeprom16:
;Generalizador.c,56 :: 		addr+=0x01;
0x0139	0x0AD0      	INCF       write_eeprom_addr_L0, 1
;Generalizador.c,34 :: 		for(i = 0; i<trama[0]/2; i++){
0x013A	0x0AD3      	INCF       write_eeprom_i_L0, 1
;Generalizador.c,57 :: 		}
0x013B	0x28DC      	GOTO       L_write_eeprom10
L_write_eeprom11:
;Generalizador.c,58 :: 		}
L_write_eeprom9:
;Generalizador.c,59 :: 		UART1_Write_Text("OK\n");
0x013C	0x3025      	MOVLW      ?lstr1_Generalizador
0x013D	0x00D6      	MOVWF      FARG_UART1_Write_Text_uart_text
0x013E	0x2026      	CALL       _UART1_Write_Text
;Generalizador.c,60 :: 		}
L_end_write_eeprom:
0x013F	0x0008      	RETURN
; end of _write_eeprom
___CC2DW:
;__Lib_System.c,134 :: 		
;__Lib_System.c,137 :: 		
_CC2D_Loop1:
;__Lib_System.c,139 :: 		
0x0140	0x201F      	CALL       _____DoICP
0x0141	0x118A      	BCF        PCLATH, 3
0x0142	0x120A      	BCF        PCLATH, 4
;__Lib_System.c,141 :: 		
0x0143	0x0080      	MOVWF      INDF
;__Lib_System.c,142 :: 		
0x0144	0x0A84      	INCF       FSR, 1
;__Lib_System.c,143 :: 		
0x0145	0x0AAE      	INCF       ___DoICPAddr, 1
;__Lib_System.c,145 :: 		
0x0146	0x1903      	BTFSC      STATUS, 2
;__Lib_System.c,146 :: 		
0x0147	0x0AAF      	INCF       ___DoICPAddr+1, 1
;__Lib_System.c,147 :: 		
0x0148	0x03F0      	DECF       R0, 1
;__Lib_System.c,149 :: 		
0x0149	0x1D03      	BTFSS      STATUS, 2
;__Lib_System.c,150 :: 		
0x014A	0x2940      	GOTO       _CC2D_Loop1
;__Lib_System.c,152 :: 		
L_end___CC2DW:
0x014B	0x0008      	RETURN
; end of ___CC2DW
_main:
0x014C	0x3053      	MOVLW      83
0x014D	0x1283      	BCF        STATUS, 5
0x014E	0x1303      	BCF        STATUS, 6
0x014F	0x00A0      	MOVWF      ?lstr3_Generalizador
0x0150	0x3054      	MOVLW      84
0x0151	0x00A1      	MOVWF      33
0x0152	0x3052      	MOVLW      82
0x0153	0x00A2      	MOVWF      34
0x0154	0x300A      	MOVLW      10
0x0155	0x00A3      	MOVWF      35
0x0156	0x01A4      	CLRF       36
0x0157	0x304F      	MOVLW      79
0x0158	0x00A5      	MOVWF      ?lstr1_Generalizador
0x0159	0x304B      	MOVLW      75
0x015A	0x00A6      	MOVWF      38
0x015B	0x300A      	MOVLW      10
0x015C	0x00A7      	MOVWF      39
0x015D	0x01A8      	CLRF       40
0x015E	0x3042      	MOVLW      66
0x015F	0x00A9      	MOVWF      ?lstr2_Generalizador
0x0160	0x3041      	MOVLW      65
0x0161	0x00AA      	MOVWF      42
0x0162	0x3044      	MOVLW      68
0x0163	0x00AB      	MOVWF      43
0x0164	0x300A      	MOVLW      10
0x0165	0x00AC      	MOVWF      44
0x0166	0x01AD      	CLRF       45
;Generalizador.c,62 :: 		void main() {
;Generalizador.c,63 :: 		unsigned char * trama[25] = {0};
0x0167	0x01B1      	CLRF       main_trama_L0
0x0168	0x01B2      	CLRF       main_trama_L0+1
0x0169	0x01B3      	CLRF       main_trama_L0+2
0x016A	0x01B4      	CLRF       main_trama_L0+3
0x016B	0x01B5      	CLRF       main_trama_L0+4
0x016C	0x01B6      	CLRF       main_trama_L0+5
0x016D	0x01B7      	CLRF       main_trama_L0+6
0x016E	0x01B8      	CLRF       main_trama_L0+7
0x016F	0x01B9      	CLRF       main_trama_L0+8
0x0170	0x01BA      	CLRF       main_trama_L0+9
0x0171	0x01BB      	CLRF       main_trama_L0+10
0x0172	0x01BC      	CLRF       main_trama_L0+11
0x0173	0x01BD      	CLRF       main_trama_L0+12
0x0174	0x01BE      	CLRF       main_trama_L0+13
0x0175	0x01BF      	CLRF       main_trama_L0+14
0x0176	0x01C0      	CLRF       main_trama_L0+15
0x0177	0x01C1      	CLRF       main_trama_L0+16
0x0178	0x01C2      	CLRF       main_trama_L0+17
0x0179	0x01C3      	CLRF       main_trama_L0+18
0x017A	0x01C4      	CLRF       main_trama_L0+19
0x017B	0x01C5      	CLRF       main_trama_L0+20
0x017C	0x01C6      	CLRF       main_trama_L0+21
0x017D	0x01C7      	CLRF       main_trama_L0+22
0x017E	0x01C8      	CLRF       main_trama_L0+23
0x017F	0x01C9      	CLRF       main_trama_L0+24
;Generalizador.c,64 :: 		unsigned char size = 0, j = 0, check = 0;
0x0180	0x01CA      	CLRF       main_size_L0
0x0181	0x01CB      	CLRF       main_j_L0
0x0182	0x01CC      	CLRF       main_check_L0
;Generalizador.c,65 :: 		TRISB=0X00;
0x0183	0x1683      	BSF        STATUS, 5
0x0184	0x0186      	CLRF       TRISB
;Generalizador.c,66 :: 		UART1_Init(9600);
0x0185	0x3019      	MOVLW      25
0x0186	0x0099      	MOVWF      SPBRG
0x0187	0x1518      	BSF        TXSTA, 2
0x0188	0x208F      	CALL       _UART1_Init
;Generalizador.c,67 :: 		PORTB=0XFF;
0x0189	0x30FF      	MOVLW      255
0x018A	0x0086      	MOVWF      PORTB
;Generalizador.c,68 :: 		Delay_ms(1000);
0x018B	0x3006      	MOVLW      6
0x018C	0x00FB      	MOVWF      R11
0x018D	0x3013      	MOVLW      19
0x018E	0x00FC      	MOVWF      R12
0x018F	0x30AD      	MOVLW      173
0x0190	0x00FD      	MOVWF      R13
L_main17:
0x0191	0x0BFD      	DECFSZ     R13, 1
0x0192	0x2991      	GOTO       L_main17
0x0193	0x0BFC      	DECFSZ     R12, 1
0x0194	0x2991      	GOTO       L_main17
0x0195	0x0BFB      	DECFSZ     R11, 1
0x0196	0x2991      	GOTO       L_main17
0x0197	0x0000      	NOP
0x0198	0x0000      	NOP
;Generalizador.c,69 :: 		PORTB=0X00;
0x0199	0x0186      	CLRF       PORTB
;Generalizador.c,70 :: 		while (1) {
L_main18:
;Generalizador.c,71 :: 		check = 0;
0x019A	0x01CC      	CLRF       main_check_L0
;Generalizador.c,72 :: 		if(UART1_Data_Ready()){
0x019B	0x200D      	CALL       _UART1_Data_Ready
0x019C	0x0870      	MOVF       R0, 0
0x019D	0x1903      	BTFSC      STATUS, 2
0x019E	0x29F9      	GOTO       L_main20
;Generalizador.c,73 :: 		check = readData();
0x019F	0x203C      	CALL       _readData
0x01A0	0x0870      	MOVF       R0, 0
0x01A1	0x00CC      	MOVWF      main_check_L0
;Generalizador.c,74 :: 		if(check == ':'){
0x01A2	0x0870      	MOVF       R0, 0
0x01A3	0x3A3A      	XORLW      58
0x01A4	0x1D03      	BTFSS      STATUS, 2
0x01A5	0x29F9      	GOTO       L_main21
;Generalizador.c,75 :: 		trama[0] = ascii2hex();
0x01A6	0x2049      	CALL       _ascii2hex
0x01A7	0x0870      	MOVF       R0, 0
0x01A8	0x00B1      	MOVWF      main_trama_L0
;Generalizador.c,76 :: 		check = trama[0];
0x01A9	0x0870      	MOVF       R0, 0
0x01AA	0x00CC      	MOVWF      main_check_L0
;Generalizador.c,77 :: 		size = trama[0] + 0x05;
0x01AB	0x3005      	MOVLW      5
0x01AC	0x0770      	ADDWF      R0, 0
0x01AD	0x00CA      	MOVWF      main_size_L0
;Generalizador.c,78 :: 		for(j = 1; j<size; j++){
0x01AE	0x3001      	MOVLW      1
0x01AF	0x00CB      	MOVWF      main_j_L0
L_main22:
0x01B0	0x084A      	MOVF       main_size_L0, 0
0x01B1	0x024B      	SUBWF      main_j_L0, 0
0x01B2	0x1803      	BTFSC      STATUS, 0
0x01B3	0x29C3      	GOTO       L_main23
;Generalizador.c,79 :: 		trama[j] = ascii2hex();
0x01B4	0x084B      	MOVF       main_j_L0, 0
0x01B5	0x3E31      	ADDLW      main_trama_L0
0x01B6	0x00CD      	MOVWF      FLOC__main
0x01B7	0x2049      	CALL       _ascii2hex
0x01B8	0x084D      	MOVF       FLOC__main, 0
0x01B9	0x0084      	MOVWF      FSR
0x01BA	0x0870      	MOVF       R0, 0
0x01BB	0x0080      	MOVWF      INDF
;Generalizador.c,80 :: 		check += trama[j];
0x01BC	0x084B      	MOVF       main_j_L0, 0
0x01BD	0x3E31      	ADDLW      main_trama_L0
0x01BE	0x0084      	MOVWF      FSR
0x01BF	0x0800      	MOVF       INDF, 0
0x01C0	0x07CC      	ADDWF      main_check_L0, 1
;Generalizador.c,78 :: 		for(j = 1; j<size; j++){
0x01C1	0x0ACB      	INCF       main_j_L0, 1
;Generalizador.c,81 :: 		}
0x01C2	0x29B0      	GOTO       L_main22
L_main23:
;Generalizador.c,82 :: 		check -= trama[size-1];
0x01C3	0x3001      	MOVLW      1
0x01C4	0x024A      	SUBWF      main_size_L0, 0
0x01C5	0x00F0      	MOVWF      R0
0x01C6	0x01F1      	CLRF       R0+1
0x01C7	0x1C03      	BTFSS      STATUS, 0
0x01C8	0x03F1      	DECF       R0+1, 1
0x01C9	0x0870      	MOVF       R0, 0
0x01CA	0x3E31      	ADDLW      main_trama_L0
0x01CB	0x00F2      	MOVWF      R2
0x01CC	0x0872      	MOVF       R2, 0
0x01CD	0x0084      	MOVWF      FSR
0x01CE	0x0800      	MOVF       INDF, 0
0x01CF	0x024C      	SUBWF      main_check_L0, 0
0x01D0	0x00F0      	MOVWF      R0
0x01D1	0x0870      	MOVF       R0, 0
0x01D2	0x00CC      	MOVWF      main_check_L0
;Generalizador.c,83 :: 		check = ~check + 1;
0x01D3	0x09F0      	COMF       R0, 1
0x01D4	0x0A70      	INCF       R0, 0
0x01D5	0x00F1      	MOVWF      R1
0x01D6	0x0871      	MOVF       R1, 0
0x01D7	0x00CC      	MOVWF      main_check_L0
;Generalizador.c,84 :: 		check = (check == (unsigned char)trama[size-1]);
0x01D8	0x0872      	MOVF       R2, 0
0x01D9	0x0084      	MOVWF      FSR
0x01DA	0x0871      	MOVF       R1, 0
0x01DB	0x0600      	XORWF      INDF, 0
0x01DC	0x3001      	MOVLW      1
0x01DD	0x1D03      	BTFSS      STATUS, 2
0x01DE	0x3000      	MOVLW      0
0x01DF	0x00F0      	MOVWF      R0
0x01E0	0x0870      	MOVF       R0, 0
0x01E1	0x00CC      	MOVWF      main_check_L0
;Generalizador.c,85 :: 		check ? write_eeprom(trama) : UART1_Write_Text("BAD\n");
0x01E2	0x0870      	MOVF       R0, 0
0x01E3	0x1903      	BTFSC      STATUS, 2
0x01E4	0x29E9      	GOTO       L_main25
0x01E5	0x3031      	MOVLW      main_trama_L0
0x01E6	0x00CE      	MOVWF      FARG_write_eeprom_trama
0x01E7	0x209F      	CALL       _write_eeprom
0x01E8	0x29EC      	GOTO       L_main26
L_main25:
0x01E9	0x3029      	MOVLW      ?lstr2_Generalizador
0x01EA	0x00D6      	MOVWF      FARG_UART1_Write_Text_uart_text
0x01EB	0x2026      	CALL       _UART1_Write_Text
L_main26:
;Generalizador.c,86 :: 		PORTB = 0x00;
0x01EC	0x0186      	CLRF       PORTB
;Generalizador.c,87 :: 		if(!trama[0] && check) {
0x01ED	0x0831      	MOVF       main_trama_L0, 0
0x01EE	0x1D03      	BTFSS      STATUS, 2
0x01EF	0x29F9      	GOTO       L_main29
0x01F0	0x084C      	MOVF       main_check_L0, 0
0x01F1	0x1903      	BTFSC      STATUS, 2
0x01F2	0x29F9      	GOTO       L_main29
L__main30:
;Generalizador.c,88 :: 		PORTB = 0xFF;
0x01F3	0x30FF      	MOVLW      255
0x01F4	0x0086      	MOVWF      PORTB
;Generalizador.c,89 :: 		UART1_Write_Text("STR\n");
0x01F5	0x3020      	MOVLW      ?lstr3_Generalizador
0x01F6	0x00D6      	MOVWF      FARG_UART1_Write_Text_uart_text
0x01F7	0x2026      	CALL       _UART1_Write_Text
;Generalizador.c,91 :: 		goto dir_offset;
0x01F8	0x2D00      	GOTO       1280
;Generalizador.c,93 :: 		}
L_main29:
;Generalizador.c,94 :: 		}
L_main21:
;Generalizador.c,95 :: 		}
L_main20:
;Generalizador.c,96 :: 		}
0x01F9	0x299A      	GOTO       L_main18
;Generalizador.c,97 :: 		}
L_end_main:
0x01FA	0x29FA      	GOTO       $+0
; end of _main
Symbol List:
//** Routines locations **
//ADDRESS    SIZE    PROCEDURE
//----------------------------------------------
0x0003      [10]    _UART1_Write
0x000D       [7]    _UART1_Data_Ready
0x0014      [11]    _UART1_Read
0x001F       [7]    _____DoICP
0x0026      [22]    _UART1_Write_Text
0x003C      [13]    _readData
0x0049      [70]    _ascii2hex
0x008F      [16]    _UART1_Init
0x009F     [161]    _write_eeprom
0x0140      [12]    ___CC2DW
0x014C     [175]    _main
//** Variables locations ** 
//ADDRESS    SIZE    VARIABLE
//----------------------------------------------
0x0000       [1]    INDF
0x0002       [1]    PCL
0x0003       [1]    STATUS
0x0004       [1]    FSR
0x0006       [1]    PORTB
0x000A       [1]    PCLATH
0x000B       [1]    INTCON
0x000C       [1]    PIR1
0x0018       [1]    RCSTA
0x0019       [1]    TXREG
0x001A       [1]    RCREG
0x0020       [5]    ?lstr3_Generalizador
0x0025       [4]    ?lstr1_Generalizador
0x0029       [5]    ?lstr2_Generalizador
0x002E       [2]    ___DoICPAddr
0x0030       [1]    ?FLOC___mainT102
0x0031      [25]    main_trama_L0
0x004A       [1]    main_size_L0
0x004B       [1]    main_j_L0
0x004C       [1]    main_check_L0
0x004D       [1]    FLOC__main
0x004E       [1]    FARG_write_eeprom_trama
0x004E       [2]    ?FLOC___ascii2hexT3
0x004F       [1]    write_eeprom_addrh_L0
0x0050       [2]    ?FLOC___ascii2hexT8
0x0050       [1]    write_eeprom_addr_L0
0x0051       [2]    write_eeprom_dir_L0
0x0052       [1]    ascii2hex_dato_L0
0x0053       [1]    write_eeprom_i_L0
0x0053       [1]    ascii2hex_datoh_L0
0x0054       [2]    write_eeprom_dataf_L0
0x0056       [1]    FARG_UART1_Write_Text_uart_text
0x0057       [1]    UART1_Write_Text_data__L0
0x0058       [1]    UART1_Write_Text_counter_L0
0x0059       [1]    FARG_UART1_Write_data_
0x0070       [1]    R0
0x0071       [1]    R1
0x0072       [1]    R2
0x0073       [1]    R3
0x0074       [1]    R4
0x0075       [1]    R5
0x0076       [1]    R6
0x0077       [1]    R7
0x0078       [1]    R8
0x0079       [1]    R9
0x007A       [1]    R10
0x007B       [1]    R11
0x007C       [1]    R12
0x007D       [1]    R13
0x007E       [1]    R14
0x007F       [1]    R15
0x0086       [1]    TRISB
0x0087       [0]    TRISC6_bit
0x0087       [0]    TRISC7_bit
0x0098       [1]    TXSTA
0x0099       [1]    SPBRG
0x009A       [1]    SPBRGH
0x010C       [1]    EEDATA
0x010D       [1]    EEADR
0x010E       [1]    EEDATH
0x010F       [1]    EEADRH
0x018C       [1]    EECON1
0x018D       [1]    EECON2
