;  LST file generated by mikroListExporter - v.2.0 
; Date/Time: 14/03/2020 08:59:02 p. m.
;----------------------------------------------

;Address Opcode 	ASM
0x0000	0x28A7      	GOTO       167
_UART1_Read:
;__Lib_UART_c67.c,21 :: 		
;__Lib_UART_c67.c,24 :: 		
0x0003	0x1283      	BCF        STATUS, 5
0x0004	0x1303      	BCF        STATUS, 6
0x0005	0x081A      	MOVF       RCREG, 0
0x0006	0x00F1      	MOVWF      R1
;__Lib_UART_c67.c,25 :: 		
0x0007	0x1C98      	BTFSS      RCSTA, 1
0x0008	0x280B      	GOTO       L_UART1_Read2
;__Lib_UART_c67.c,26 :: 		
0x0009	0x1218      	BCF        RCSTA, 4
;__Lib_UART_c67.c,27 :: 		
0x000A	0x1618      	BSF        RCSTA, 4
;__Lib_UART_c67.c,28 :: 		
L_UART1_Read2:
;__Lib_UART_c67.c,29 :: 		
0x000B	0x0871      	MOVF       R1, 0
0x000C	0x00F0      	MOVWF      R0
;__Lib_UART_c67.c,30 :: 		
L_end_UART1_Read:
0x000D	0x0008      	RETURN
; end of _UART1_Read
_UART1_Data_Ready:
;__Lib_UART_c67.c,16 :: 		
;__Lib_UART_c67.c,17 :: 		
0x000E	0x3000      	MOVLW      0
0x000F	0x1283      	BCF        STATUS, 5
0x0010	0x1303      	BCF        STATUS, 6
0x0011	0x1A8C      	BTFSC      PIR1, 5
0x0012	0x3001      	MOVLW      1
0x0013	0x00F0      	MOVWF      R0
;__Lib_UART_c67.c,18 :: 		
L_end_UART1_Data_Ready:
0x0014	0x0008      	RETURN
; end of _UART1_Data_Ready
_readData:
;Extractor.c,68 :: 		unsigned char readData(){
;Extractor.c,70 :: 		PORTB = 0x00;
0x0015	0x1283      	BCF        STATUS, 5
0x0016	0x1303      	BCF        STATUS, 6
0x0017	0x0186      	CLRF       PORTB
;Extractor.c,71 :: 		while (1){
L_readData17:
;Extractor.c,72 :: 		if(UART1_Data_Ready()){
0x0018	0x200E      	CALL       _UART1_Data_Ready
0x0019	0x0870      	MOVF       R0, 0
0x001A	0x1903      	BTFSC      STATUS, 2
0x001B	0x2820      	GOTO       L_readData19
;Extractor.c,73 :: 		dato = UART1_Read();
0x001C	0x2003      	CALL       _UART1_Read
;Extractor.c,74 :: 		PORTB = 0xFF;
0x001D	0x30FF      	MOVLW      255
0x001E	0x0086      	MOVWF      PORTB
;Extractor.c,75 :: 		return dato;
0x001F	0x2821      	GOTO       L_end_readData
;Extractor.c,76 :: 		}
L_readData19:
;Extractor.c,77 :: 		}
0x0020	0x2818      	GOTO       L_readData17
;Extractor.c,78 :: 		}
L_end_readData:
0x0021	0x0008      	RETURN
; end of _readData
_____DoICP:
;__Lib_System.c,6 :: 		
;__Lib_System.c,9 :: 		
0x0022	0x1283      	BCF        STATUS, 5
0x0023	0x1303      	BCF        STATUS, 6
0x0024	0x0828      	MOVF       ___DoICPAddr+1, 0
0x0025	0x008A      	MOVWF      PCLATH
;__Lib_System.c,10 :: 		
0x0026	0x0827      	MOVF       ___DoICPAddr, 0
0x0027	0x0082      	MOVWF      PCL
;__Lib_System.c,12 :: 		
L_end_____DoICP:
0x0028	0x0008      	RETURN
; end of _____DoICP
_mult:
;Extractor.c,60 :: 		unsigned char mult(unsigned char dato){
;Extractor.c,61 :: 		if (dato>='A'){
0x0029	0x3041      	MOVLW      65
0x002A	0x1283      	BCF        STATUS, 5
0x002B	0x1303      	BCF        STATUS, 6
0x002C	0x0248      	SUBWF      FARG_mult_dato, 0
0x002D	0x1C03      	BTFSS      STATUS, 0
0x002E	0x2832      	GOTO       L_mult15
;Extractor.c,62 :: 		dato = (dato-55);
0x002F	0x3037      	MOVLW      55
0x0030	0x02C8      	SUBWF      FARG_mult_dato, 1
;Extractor.c,63 :: 		}else{
0x0031	0x2834      	GOTO       L_mult16
L_mult15:
;Extractor.c,64 :: 		dato = (dato-48);
0x0032	0x3030      	MOVLW      48
0x0033	0x02C8      	SUBWF      FARG_mult_dato, 1
;Extractor.c,65 :: 		}
L_mult16:
;Extractor.c,66 :: 		return dato;
0x0034	0x0848      	MOVF       FARG_mult_dato, 0
0x0035	0x00F0      	MOVWF      R0
;Extractor.c,67 :: 		}
L_end_mult:
0x0036	0x0008      	RETURN
; end of _mult
_UART1_Init:
;__Lib_UART_c67.c,2 :: 		
;__Lib_UART_c67.c,5 :: 		
0x0037	0x1683      	BSF        STATUS, 5
0x0038	0x1303      	BCF        STATUS, 6
0x0039	0x1698      	BSF        TXSTA, 5
;__Lib_UART_c67.c,6 :: 		
0x003A	0x3090      	MOVLW      144
0x003B	0x1283      	BCF        STATUS, 5
0x003C	0x0098      	MOVWF      RCSTA
;__Lib_UART_c67.c,7 :: 		
0x003D	0x1683      	BSF        STATUS, 5
0x003E	0x1787      	BSF        TRISC7_bit, BitPos(TRISC7_bit+0)
;__Lib_UART_c67.c,8 :: 		
0x003F	0x1307      	BCF        TRISC6_bit, BitPos(TRISC6_bit+0)
;__Lib_UART_c67.c,10 :: 		
L_UART1_Init0:
0x0040	0x1283      	BCF        STATUS, 5
0x0041	0x1E8C      	BTFSS      PIR1, 5
0x0042	0x2846      	GOTO       L_UART1_Init1
;__Lib_UART_c67.c,11 :: 		
0x0043	0x081A      	MOVF       RCREG, 0
0x0044	0x00F0      	MOVWF      R0
0x0045	0x2840      	GOTO       L_UART1_Init0
L_UART1_Init1:
;__Lib_UART_c67.c,12 :: 		
L_end_UART1_Init:
0x0046	0x0008      	RETURN
; end of _UART1_Init
_UART1_Write:
;__Lib_UART_c67.c,39 :: 		
;__Lib_UART_c67.c,40 :: 		
L_UART1_Write3:
0x0047	0x1683      	BSF        STATUS, 5
0x0048	0x1303      	BCF        STATUS, 6
0x0049	0x1898      	BTFSC      TXSTA, 1
0x004A	0x284D      	GOTO       L_UART1_Write4
;__Lib_UART_c67.c,41 :: 		
0x004B	0x0000      	NOP
0x004C	0x2847      	GOTO       L_UART1_Write3
L_UART1_Write4:
;__Lib_UART_c67.c,42 :: 		
0x004D	0x1283      	BCF        STATUS, 5
0x004E	0x0848      	MOVF       FARG_UART1_Write_data_, 0
0x004F	0x0099      	MOVWF      TXREG
;__Lib_UART_c67.c,43 :: 		
L_end_UART1_Write:
0x0050	0x0008      	RETURN
; end of _UART1_Write
_ascii2hex:
;Extractor.c,52 :: 		unsigned char ascii2hex(){
;Extractor.c,53 :: 		unsigned char dato = 0x00;
0x0051	0x1283      	BCF        STATUS, 5
0x0052	0x1303      	BCF        STATUS, 6
0x0053	0x01C5      	CLRF       ascii2hex_dato_L0
;Extractor.c,54 :: 		dato = mult(readData())<<4;
0x0054	0x2015      	CALL       _readData
0x0055	0x0870      	MOVF       R0, 0
0x0056	0x00C8      	MOVWF      FARG_mult_dato
0x0057	0x2029      	CALL       _mult
0x0058	0x0870      	MOVF       R0, 0
0x0059	0x00C5      	MOVWF      ascii2hex_dato_L0
0x005A	0x0DC5      	RLF        ascii2hex_dato_L0, 1
0x005B	0x1045      	BCF        ascii2hex_dato_L0, 0
0x005C	0x0DC5      	RLF        ascii2hex_dato_L0, 1
0x005D	0x1045      	BCF        ascii2hex_dato_L0, 0
0x005E	0x0DC5      	RLF        ascii2hex_dato_L0, 1
0x005F	0x1045      	BCF        ascii2hex_dato_L0, 0
0x0060	0x0DC5      	RLF        ascii2hex_dato_L0, 1
0x0061	0x1045      	BCF        ascii2hex_dato_L0, 0
;Extractor.c,55 :: 		dato += mult(readData());
0x0062	0x2015      	CALL       _readData
0x0063	0x0870      	MOVF       R0, 0
0x0064	0x00C8      	MOVWF      FARG_mult_dato
0x0065	0x2029      	CALL       _mult
0x0066	0x0845      	MOVF       ascii2hex_dato_L0, 0
0x0067	0x07F0      	ADDWF      R0, 1
0x0068	0x0870      	MOVF       R0, 0
0x0069	0x00C5      	MOVWF      ascii2hex_dato_L0
;Extractor.c,57 :: 		PORTB = 0xFF;
0x006A	0x30FF      	MOVLW      255
0x006B	0x0086      	MOVWF      PORTB
;Extractor.c,58 :: 		return dato;
;Extractor.c,59 :: 		}
L_end_ascii2hex:
0x006C	0x0008      	RETURN
; end of _ascii2hex
_UART1_Write_Text:
;__Lib_UART_c67.c,47 :: 		
;__Lib_UART_c67.c,48 :: 		
0x006D	0x1283      	BCF        STATUS, 5
0x006E	0x1303      	BCF        STATUS, 6
0x006F	0x01C7      	CLRF       UART1_Write_Text_counter_L0
;__Lib_UART_c67.c,50 :: 		
0x0070	0x0845      	MOVF       FARG_UART1_Write_Text_uart_text, 0
0x0071	0x0084      	MOVWF      FSR
0x0072	0x0800      	MOVF       INDF, 0
0x0073	0x00C6      	MOVWF      UART1_Write_Text_data__L0
;__Lib_UART_c67.c,51 :: 		
L_UART1_Write_Text5:
0x0074	0x0846      	MOVF       UART1_Write_Text_data__L0, 0
0x0075	0x3A00      	XORLW      0
0x0076	0x1903      	BTFSC      STATUS, 2
0x0077	0x2882      	GOTO       L_UART1_Write_Text6
;__Lib_UART_c67.c,52 :: 		
0x0078	0x0846      	MOVF       UART1_Write_Text_data__L0, 0
0x0079	0x00C8      	MOVWF      FARG_UART1_Write_data_
0x007A	0x2047      	CALL       _UART1_Write
;__Lib_UART_c67.c,53 :: 		
0x007B	0x0AC7      	INCF       UART1_Write_Text_counter_L0, 1
;__Lib_UART_c67.c,54 :: 		
0x007C	0x0847      	MOVF       UART1_Write_Text_counter_L0, 0
0x007D	0x0745      	ADDWF      FARG_UART1_Write_Text_uart_text, 0
0x007E	0x0084      	MOVWF      FSR
0x007F	0x0800      	MOVF       INDF, 0
0x0080	0x00C6      	MOVWF      UART1_Write_Text_data__L0
;__Lib_UART_c67.c,55 :: 		
0x0081	0x2874      	GOTO       L_UART1_Write_Text5
L_UART1_Write_Text6:
;__Lib_UART_c67.c,56 :: 		
L_end_UART1_Write_Text:
0x0082	0x0008      	RETURN
; end of _UART1_Write_Text
___CC2DW:
;__Lib_System.c,134 :: 		
;__Lib_System.c,137 :: 		
_CC2D_Loop1:
;__Lib_System.c,139 :: 		
0x0083	0x2022      	CALL       _____DoICP
0x0084	0x118A      	BCF        PCLATH, 3
0x0085	0x120A      	BCF        PCLATH, 4
;__Lib_System.c,141 :: 		
0x0086	0x0080      	MOVWF      INDF
;__Lib_System.c,142 :: 		
0x0087	0x0A84      	INCF       FSR, 1
;__Lib_System.c,143 :: 		
0x0088	0x0AA7      	INCF       ___DoICPAddr, 1
;__Lib_System.c,145 :: 		
0x0089	0x1903      	BTFSC      STATUS, 2
;__Lib_System.c,146 :: 		
0x008A	0x0AA8      	INCF       ___DoICPAddr+1, 1
;__Lib_System.c,147 :: 		
0x008B	0x03F0      	DECF       R0, 1
;__Lib_System.c,149 :: 		
0x008C	0x1D03      	BTFSS      STATUS, 2
;__Lib_System.c,150 :: 		
0x008D	0x2883      	GOTO       _CC2D_Loop1
;__Lib_System.c,152 :: 		
L_end___CC2DW:
0x008E	0x0008      	RETURN
; end of ___CC2DW
_start:
;Extractor.c,43 :: 		void start() {
;Extractor.c,44 :: 		PORTB=0X00;
0x008F	0x1283      	BCF        STATUS, 5
0x0090	0x1303      	BCF        STATUS, 6
0x0091	0x0186      	CLRF       PORTB
;Extractor.c,45 :: 		ANSELH=0X00;
0x0092	0x1683      	BSF        STATUS, 5
0x0093	0x1703      	BSF        STATUS, 6
0x0094	0x0189      	CLRF       ANSELH
;Extractor.c,46 :: 		TRISB=0X00;
0x0095	0x0186      	CLRF       TRISB
;Extractor.c,47 :: 		UART1_Init(9600);
0x0096	0x3019      	MOVLW      25
0x0097	0x1303      	BCF        STATUS, 6
0x0098	0x0099      	MOVWF      SPBRG
0x0099	0x1518      	BSF        TXSTA, 2
0x009A	0x2037      	CALL       _UART1_Init
;Extractor.c,48 :: 		Delay_ms(1);
0x009B	0x3002      	MOVLW      2
0x009C	0x00FC      	MOVWF      R12
0x009D	0x304B      	MOVLW      75
0x009E	0x00FD      	MOVWF      R13
L_start14:
0x009F	0x0BFD      	DECFSZ     R13, 1
0x00A0	0x289F      	GOTO       L_start14
0x00A1	0x0BFC      	DECFSZ     R12, 1
0x00A2	0x289F      	GOTO       L_start14
;Extractor.c,49 :: 		PORTB = 0xFF;
0x00A3	0x30FF      	MOVLW      255
0x00A4	0x0086      	MOVWF      PORTB
;Extractor.c,50 :: 		PORTB=0X00;
0x00A5	0x0186      	CLRF       PORTB
;Extractor.c,51 :: 		}
L_end_start:
0x00A6	0x0008      	RETURN
; end of _start
_main:
0x00A7	0x3049      	MOVLW      73
0x00A8	0x1283      	BCF        STATUS, 5
0x00A9	0x1303      	BCF        STATUS, 6
0x00AA	0x00A0      	MOVWF      ?lstr1_Extractor
0x00AB	0x306E      	MOVLW      110
0x00AC	0x00A1      	MOVWF      33
0x00AD	0x3069      	MOVLW      105
0x00AE	0x00A2      	MOVWF      34
0x00AF	0x3063      	MOVLW      99
0x00B0	0x00A3      	MOVWF      35
0x00B1	0x3069      	MOVLW      105
0x00B2	0x00A4      	MOVWF      36
0x00B3	0x306F      	MOVLW      111
0x00B4	0x00A5      	MOVWF      37
0x00B5	0x01A6      	CLRF       38
;Extractor.c,7 :: 		void main() {
;Extractor.c,8 :: 		unsigned char trama[25] = {0};
0x00B6	0x01AA      	CLRF       main_trama_L0
0x00B7	0x01AB      	CLRF       main_trama_L0+1
0x00B8	0x01AC      	CLRF       main_trama_L0+2
0x00B9	0x01AD      	CLRF       main_trama_L0+3
0x00BA	0x01AE      	CLRF       main_trama_L0+4
0x00BB	0x01AF      	CLRF       main_trama_L0+5
0x00BC	0x01B0      	CLRF       main_trama_L0+6
0x00BD	0x01B1      	CLRF       main_trama_L0+7
0x00BE	0x01B2      	CLRF       main_trama_L0+8
0x00BF	0x01B3      	CLRF       main_trama_L0+9
0x00C0	0x01B4      	CLRF       main_trama_L0+10
0x00C1	0x01B5      	CLRF       main_trama_L0+11
0x00C2	0x01B6      	CLRF       main_trama_L0+12
0x00C3	0x01B7      	CLRF       main_trama_L0+13
0x00C4	0x01B8      	CLRF       main_trama_L0+14
0x00C5	0x01B9      	CLRF       main_trama_L0+15
0x00C6	0x01BA      	CLRF       main_trama_L0+16
0x00C7	0x01BB      	CLRF       main_trama_L0+17
0x00C8	0x01BC      	CLRF       main_trama_L0+18
0x00C9	0x01BD      	CLRF       main_trama_L0+19
0x00CA	0x01BE      	CLRF       main_trama_L0+20
0x00CB	0x01BF      	CLRF       main_trama_L0+21
0x00CC	0x01C0      	CLRF       main_trama_L0+22
0x00CD	0x01C1      	CLRF       main_trama_L0+23
0x00CE	0x01C2      	CLRF       main_trama_L0+24
0x00CF	0x01C3      	CLRF       main_size_L0
;Extractor.c,12 :: 		start();
0x00D0	0x208F      	CALL       _start
;Extractor.c,13 :: 		for (j = 0; j < 3; j++)
0x00D1	0x01A9      	CLRF       main_j_L0
L_main0:
0x00D2	0x3003      	MOVLW      3
0x00D3	0x0229      	SUBWF      main_j_L0, 0
0x00D4	0x1803      	BTFSC      STATUS, 0
0x00D5	0x28E9      	GOTO       L_main1
;Extractor.c,15 :: 		Delay_ms(1000);
0x00D6	0x3006      	MOVLW      6
0x00D7	0x00FB      	MOVWF      R11
0x00D8	0x3013      	MOVLW      19
0x00D9	0x00FC      	MOVWF      R12
0x00DA	0x30AD      	MOVLW      173
0x00DB	0x00FD      	MOVWF      R13
L_main3:
0x00DC	0x0BFD      	DECFSZ     R13, 1
0x00DD	0x28DC      	GOTO       L_main3
0x00DE	0x0BFC      	DECFSZ     R12, 1
0x00DF	0x28DC      	GOTO       L_main3
0x00E0	0x0BFB      	DECFSZ     R11, 1
0x00E1	0x28DC      	GOTO       L_main3
0x00E2	0x0000      	NOP
0x00E3	0x0000      	NOP
;Extractor.c,16 :: 		UART1_Write_Text("Inicio");
0x00E4	0x3020      	MOVLW      ?lstr1_Extractor
0x00E5	0x00C5      	MOVWF      FARG_UART1_Write_Text_uart_text
0x00E6	0x206D      	CALL       _UART1_Write_Text
;Extractor.c,13 :: 		for (j = 0; j < 3; j++)
0x00E7	0x0AA9      	INCF       main_j_L0, 1
;Extractor.c,17 :: 		}
0x00E8	0x28D2      	GOTO       L_main0
L_main1:
;Extractor.c,18 :: 		while (1) {
L_main4:
;Extractor.c,19 :: 		if(UART1_Data_Ready()){
0x00E9	0x200E      	CALL       _UART1_Data_Ready
0x00EA	0x0870      	MOVF       R0, 0
0x00EB	0x1903      	BTFSC      STATUS, 2
0x00EC	0x2921      	GOTO       L_main6
;Extractor.c,20 :: 		byteRecv = readData();
0x00ED	0x2015      	CALL       _readData
;Extractor.c,21 :: 		if(byteRecv == ':'){
0x00EE	0x0870      	MOVF       R0, 0
0x00EF	0x3A3A      	XORLW      58
0x00F0	0x1D03      	BTFSS      STATUS, 2
0x00F1	0x2920      	GOTO       L_main7
;Extractor.c,22 :: 		trama[0] = ascii2hex();
0x00F2	0x2051      	CALL       _ascii2hex
0x00F3	0x0870      	MOVF       R0, 0
0x00F4	0x00AA      	MOVWF      main_trama_L0
;Extractor.c,23 :: 		size = trama[0] + 0x05;
0x00F5	0x3005      	MOVLW      5
0x00F6	0x07F0      	ADDWF      R0, 1
0x00F7	0x0870      	MOVF       R0, 0
0x00F8	0x00C3      	MOVWF      main_size_L0
;Extractor.c,24 :: 		UART1_Write(size);
0x00F9	0x0870      	MOVF       R0, 0
0x00FA	0x00C8      	MOVWF      FARG_UART1_Write_data_
0x00FB	0x2047      	CALL       _UART1_Write
;Extractor.c,25 :: 		for(j = 1; j<size; j++){
0x00FC	0x3001      	MOVLW      1
0x00FD	0x00A9      	MOVWF      main_j_L0
L_main8:
0x00FE	0x0843      	MOVF       main_size_L0, 0
0x00FF	0x0229      	SUBWF      main_j_L0, 0
0x0100	0x1803      	BTFSC      STATUS, 0
0x0101	0x290C      	GOTO       L_main9
;Extractor.c,26 :: 		trama[j] = ascii2hex();
0x0102	0x0829      	MOVF       main_j_L0, 0
0x0103	0x3E2A      	ADDLW      main_trama_L0
0x0104	0x00C4      	MOVWF      FLOC__main
0x0105	0x2051      	CALL       _ascii2hex
0x0106	0x0844      	MOVF       FLOC__main, 0
0x0107	0x0084      	MOVWF      FSR
0x0108	0x0870      	MOVF       R0, 0
0x0109	0x0080      	MOVWF      INDF
;Extractor.c,25 :: 		for(j = 1; j<size; j++){
0x010A	0x0AA9      	INCF       main_j_L0, 1
;Extractor.c,28 :: 		}
0x010B	0x28FE      	GOTO       L_main8
L_main9:
;Extractor.c,29 :: 		for(j = 0; j<trama[0]+4; j++)
0x010C	0x01A9      	CLRF       main_j_L0
L_main11:
0x010D	0x3004      	MOVLW      4
0x010E	0x072A      	ADDWF      main_trama_L0, 0
0x010F	0x00F1      	MOVWF      R1
0x0110	0x01F2      	CLRF       R1+1
0x0111	0x1803      	BTFSC      STATUS, 0
0x0112	0x0AF2      	INCF       R1+1, 1
0x0113	0x3080      	MOVLW      128
0x0114	0x00F0      	MOVWF      R0
0x0115	0x3080      	MOVLW      128
0x0116	0x0672      	XORWF      R1+1, 0
0x0117	0x0270      	SUBWF      R0, 0
0x0118	0x1D03      	BTFSS      STATUS, 2
0x0119	0x291C      	GOTO       L__main21
0x011A	0x0871      	MOVF       R1, 0
0x011B	0x0229      	SUBWF      main_j_L0, 0
L__main21:
0x011C	0x1803      	BTFSC      STATUS, 0
0x011D	0x2920      	GOTO       L_main12
0x011E	0x0AA9      	INCF       main_j_L0, 1
;Extractor.c,33 :: 		}
0x011F	0x290D      	GOTO       L_main11
L_main12:
;Extractor.c,38 :: 		}
L_main7:
;Extractor.c,39 :: 		PORTB = 0x00;
0x0120	0x0186      	CLRF       PORTB
;Extractor.c,40 :: 		}
L_main6:
;Extractor.c,41 :: 		}
0x0121	0x28E9      	GOTO       L_main4
;Extractor.c,42 :: 		}
L_end_main:
0x0122	0x2922      	GOTO       $+0
; end of _main
Symbol List:
//** Routines locations **
//ADDRESS    SIZE    PROCEDURE
//----------------------------------------------
0x0003      [11]    _UART1_Read
0x000E       [7]    _UART1_Data_Ready
0x0015      [13]    _readData
0x0022       [7]    _____DoICP
0x0029      [14]    _mult
0x0037      [16]    _UART1_Init
0x0047      [10]    _UART1_Write
0x0051      [28]    _ascii2hex
0x006D      [22]    _UART1_Write_Text
0x0083      [12]    ___CC2DW
0x008F      [24]    _start
0x00A7     [124]    _main
//** Variables locations ** 
//ADDRESS    SIZE    VARIABLE
//----------------------------------------------
0x0000       [1]    INDF
0x0002       [1]    PCL
0x0003       [1]    STATUS
0x0004       [1]    FSR
0x0006       [1]    PORTB
0x000A       [1]    PCLATH
0x000C       [1]    PIR1
0x0018       [1]    RCSTA
0x0019       [1]    TXREG
0x001A       [1]    RCREG
0x0020       [7]    ?lstr1_Extractor
0x0027       [2]    ___DoICPAddr
0x0029       [1]    main_j_L0
0x002A      [25]    main_trama_L0
0x0043       [1]    main_size_L0
0x0044       [1]    FLOC__main
0x0045       [1]    ascii2hex_dato_L0
0x0045       [1]    FARG_UART1_Write_Text_uart_text
0x0046       [1]    UART1_Write_Text_data__L0
0x0047       [1]    UART1_Write_Text_counter_L0
0x0048       [1]    FARG_mult_dato
0x0048       [1]    FARG_UART1_Write_data_
0x0070       [1]    R0
0x0071       [1]    R1
0x0072       [1]    R2
0x0073       [1]    R3
0x0074       [1]    R4
0x0075       [1]    R5
0x0076       [1]    R6
0x0077       [1]    R7
0x0078       [1]    R8
0x0079       [1]    R9
0x007A       [1]    R10
0x007B       [1]    R11
0x007C       [1]    R12
0x007D       [1]    R13
0x007E       [1]    R14
0x007F       [1]    R15
0x0086       [1]    TRISB
0x0087       [0]    TRISC6_bit
0x0087       [0]    TRISC7_bit
0x0098       [1]    TXSTA
0x0099       [1]    SPBRG
0x009A       [1]    SPBRGH
0x0189       [1]    ANSELH
