;  LST file generated by mikroListExporter - v.2.0 
; Date/Time: 12/03/2020 06:50:37 a. m.
;----------------------------------------------

;Address Opcode 	ASM
0x0000	0x28B5      	GOTO       181
_UART1_Read:
;__Lib_UART_c67.c,21 :: 		
;__Lib_UART_c67.c,24 :: 		
0x0003	0x1283      	BCF        STATUS, 5
0x0004	0x1303      	BCF        STATUS, 6
0x0005	0x081A      	MOVF       RCREG, 0
0x0006	0x00F1      	MOVWF      R1
;__Lib_UART_c67.c,25 :: 		
0x0007	0x1C98      	BTFSS      RCSTA, 1
0x0008	0x280B      	GOTO       L_UART1_Read2
;__Lib_UART_c67.c,26 :: 		
0x0009	0x1218      	BCF        RCSTA, 4
;__Lib_UART_c67.c,27 :: 		
0x000A	0x1618      	BSF        RCSTA, 4
;__Lib_UART_c67.c,28 :: 		
L_UART1_Read2:
;__Lib_UART_c67.c,29 :: 		
0x000B	0x0871      	MOVF       R1, 0
0x000C	0x00F0      	MOVWF      R0
;__Lib_UART_c67.c,30 :: 		
L_end_UART1_Read:
0x000D	0x0008      	RETURN
; end of _UART1_Read
_readData:
;Trama.c,66 :: 		unsigned char readData(){
;Trama.c,68 :: 		PORTB = 0x00;
0x000E	0x1283      	BCF        STATUS, 5
0x000F	0x1303      	BCF        STATUS, 6
0x0010	0x0186      	CLRF       PORTB
;Trama.c,69 :: 		Delay_ms(1);
0x0011	0x3002      	MOVLW      2
0x0012	0x00FC      	MOVWF      R12
0x0013	0x304B      	MOVLW      75
0x0014	0x00FD      	MOVWF      R13
L_readData18:
0x0015	0x0BFD      	DECFSZ     R13, 1
0x0016	0x2815      	GOTO       L_readData18
0x0017	0x0BFC      	DECFSZ     R12, 1
0x0018	0x2815      	GOTO       L_readData18
;Trama.c,70 :: 		dato = UART1_Read();
0x0019	0x2003      	CALL       _UART1_Read
0x001A	0x0870      	MOVF       R0, 0
0x001B	0x00B5      	MOVWF      readData_dato_L0
;Trama.c,71 :: 		PORTB = 0xFF;
0x001C	0x30FF      	MOVLW      255
0x001D	0x0086      	MOVWF      PORTB
;Trama.c,72 :: 		Delay_ms(1);
0x001E	0x3002      	MOVLW      2
0x001F	0x00FC      	MOVWF      R12
0x0020	0x304B      	MOVLW      75
0x0021	0x00FD      	MOVWF      R13
L_readData19:
0x0022	0x0BFD      	DECFSZ     R13, 1
0x0023	0x2822      	GOTO       L_readData19
0x0024	0x0BFC      	DECFSZ     R12, 1
0x0025	0x2822      	GOTO       L_readData19
;Trama.c,73 :: 		return dato;
0x0026	0x0835      	MOVF       readData_dato_L0, 0
0x0027	0x00F0      	MOVWF      R0
;Trama.c,74 :: 		}
L_end_readData:
0x0028	0x0008      	RETURN
; end of _readData
_mult:
;Trama.c,58 :: 		unsigned char mult(unsigned char dato){
;Trama.c,59 :: 		if (dato>='A'){
0x0029	0x3041      	MOVLW      65
0x002A	0x1283      	BCF        STATUS, 5
0x002B	0x1303      	BCF        STATUS, 6
0x002C	0x0235      	SUBWF      FARG_mult_dato, 0
0x002D	0x1C03      	BTFSS      STATUS, 0
0x002E	0x2832      	GOTO       L_mult16
;Trama.c,60 :: 		dato = (dato-55);
0x002F	0x3037      	MOVLW      55
0x0030	0x02B5      	SUBWF      FARG_mult_dato, 1
;Trama.c,61 :: 		}else{
0x0031	0x2834      	GOTO       L_mult17
L_mult16:
;Trama.c,62 :: 		dato = (dato-48);
0x0032	0x3030      	MOVLW      48
0x0033	0x02B5      	SUBWF      FARG_mult_dato, 1
;Trama.c,63 :: 		}
L_mult17:
;Trama.c,64 :: 		return dato;
0x0034	0x0835      	MOVF       FARG_mult_dato, 0
0x0035	0x00F0      	MOVWF      R0
;Trama.c,65 :: 		}
L_end_mult:
0x0036	0x0008      	RETURN
; end of _mult
_UART1_Init:
;__Lib_UART_c67.c,2 :: 		
;__Lib_UART_c67.c,5 :: 		
0x0037	0x1683      	BSF        STATUS, 5
0x0038	0x1303      	BCF        STATUS, 6
0x0039	0x1698      	BSF        TXSTA, 5
;__Lib_UART_c67.c,6 :: 		
0x003A	0x3090      	MOVLW      144
0x003B	0x1283      	BCF        STATUS, 5
0x003C	0x0098      	MOVWF      RCSTA
;__Lib_UART_c67.c,7 :: 		
0x003D	0x1683      	BSF        STATUS, 5
0x003E	0x1787      	BSF        TRISC7_bit, BitPos(TRISC7_bit+0)
;__Lib_UART_c67.c,8 :: 		
0x003F	0x1307      	BCF        TRISC6_bit, BitPos(TRISC6_bit+0)
;__Lib_UART_c67.c,10 :: 		
L_UART1_Init0:
0x0040	0x1283      	BCF        STATUS, 5
0x0041	0x1E8C      	BTFSS      PIR1, 5
0x0042	0x2846      	GOTO       L_UART1_Init1
;__Lib_UART_c67.c,11 :: 		
0x0043	0x081A      	MOVF       RCREG, 0
0x0044	0x00F0      	MOVWF      R0
0x0045	0x2840      	GOTO       L_UART1_Init0
L_UART1_Init1:
;__Lib_UART_c67.c,12 :: 		
L_end_UART1_Init:
0x0046	0x0008      	RETURN
; end of _UART1_Init
_____DoICP:
;__Lib_System.c,6 :: 		
;__Lib_System.c,9 :: 		
0x0047	0x1283      	BCF        STATUS, 5
0x0048	0x1303      	BCF        STATUS, 6
0x0049	0x082E      	MOVF       ___DoICPAddr+1, 0
0x004A	0x008A      	MOVWF      PCLATH
;__Lib_System.c,10 :: 		
0x004B	0x082D      	MOVF       ___DoICPAddr, 0
0x004C	0x0082      	MOVWF      PCL
;__Lib_System.c,12 :: 		
L_end_____DoICP:
0x004D	0x0008      	RETURN
; end of _____DoICP
_UART1_Write:
;__Lib_UART_c67.c,39 :: 		
;__Lib_UART_c67.c,40 :: 		
L_UART1_Write3:
0x004E	0x1683      	BSF        STATUS, 5
0x004F	0x1303      	BCF        STATUS, 6
0x0050	0x1898      	BTFSC      TXSTA, 1
0x0051	0x2854      	GOTO       L_UART1_Write4
;__Lib_UART_c67.c,41 :: 		
0x0052	0x0000      	NOP
0x0053	0x284E      	GOTO       L_UART1_Write3
L_UART1_Write4:
;__Lib_UART_c67.c,42 :: 		
0x0054	0x1283      	BCF        STATUS, 5
0x0055	0x0835      	MOVF       FARG_UART1_Write_data_, 0
0x0056	0x0099      	MOVWF      TXREG
;__Lib_UART_c67.c,43 :: 		
L_end_UART1_Write:
0x0057	0x0008      	RETURN
; end of _UART1_Write
_UART1_Data_Ready:
;__Lib_UART_c67.c,16 :: 		
;__Lib_UART_c67.c,17 :: 		
0x0058	0x3000      	MOVLW      0
0x0059	0x1283      	BCF        STATUS, 5
0x005A	0x1303      	BCF        STATUS, 6
0x005B	0x1A8C      	BTFSC      PIR1, 5
0x005C	0x3001      	MOVLW      1
0x005D	0x00F0      	MOVWF      R0
;__Lib_UART_c67.c,18 :: 		
L_end_UART1_Data_Ready:
0x005E	0x0008      	RETURN
; end of _UART1_Data_Ready
_UART1_Write_Text:
;__Lib_UART_c67.c,47 :: 		
;__Lib_UART_c67.c,48 :: 		
0x005F	0x1283      	BCF        STATUS, 5
0x0060	0x1303      	BCF        STATUS, 6
0x0061	0x01B4      	CLRF       UART1_Write_Text_counter_L0
;__Lib_UART_c67.c,50 :: 		
0x0062	0x0832      	MOVF       FARG_UART1_Write_Text_uart_text, 0
0x0063	0x0084      	MOVWF      FSR
0x0064	0x0800      	MOVF       INDF, 0
0x0065	0x00B3      	MOVWF      UART1_Write_Text_data__L0
;__Lib_UART_c67.c,51 :: 		
L_UART1_Write_Text5:
0x0066	0x0833      	MOVF       UART1_Write_Text_data__L0, 0
0x0067	0x3A00      	XORLW      0
0x0068	0x1903      	BTFSC      STATUS, 2
0x0069	0x2874      	GOTO       L_UART1_Write_Text6
;__Lib_UART_c67.c,52 :: 		
0x006A	0x0833      	MOVF       UART1_Write_Text_data__L0, 0
0x006B	0x00B5      	MOVWF      FARG_UART1_Write_data_
0x006C	0x204E      	CALL       _UART1_Write
;__Lib_UART_c67.c,53 :: 		
0x006D	0x0AB4      	INCF       UART1_Write_Text_counter_L0, 1
;__Lib_UART_c67.c,54 :: 		
0x006E	0x0834      	MOVF       UART1_Write_Text_counter_L0, 0
0x006F	0x0732      	ADDWF      FARG_UART1_Write_Text_uart_text, 0
0x0070	0x0084      	MOVWF      FSR
0x0071	0x0800      	MOVF       INDF, 0
0x0072	0x00B3      	MOVWF      UART1_Write_Text_data__L0
;__Lib_UART_c67.c,55 :: 		
0x0073	0x2866      	GOTO       L_UART1_Write_Text5
L_UART1_Write_Text6:
;__Lib_UART_c67.c,56 :: 		
L_end_UART1_Write_Text:
0x0074	0x0008      	RETURN
; end of _UART1_Write_Text
_ascii2hex:
;Trama.c,50 :: 		unsigned char ascii2hex(){
;Trama.c,51 :: 		unsigned char dato = 0x00;
0x0075	0x1283      	BCF        STATUS, 5
0x0076	0x1303      	BCF        STATUS, 6
0x0077	0x01B2      	CLRF       ascii2hex_dato_L0
;Trama.c,52 :: 		dato = mult(readData())*16;
0x0078	0x200E      	CALL       _readData
0x0079	0x0870      	MOVF       R0, 0
0x007A	0x00B5      	MOVWF      FARG_mult_dato
0x007B	0x2029      	CALL       _mult
0x007C	0x0870      	MOVF       R0, 0
0x007D	0x00B2      	MOVWF      ascii2hex_dato_L0
0x007E	0x0DB2      	RLF        ascii2hex_dato_L0, 1
0x007F	0x1032      	BCF        ascii2hex_dato_L0, 0
0x0080	0x0DB2      	RLF        ascii2hex_dato_L0, 1
0x0081	0x1032      	BCF        ascii2hex_dato_L0, 0
0x0082	0x0DB2      	RLF        ascii2hex_dato_L0, 1
0x0083	0x1032      	BCF        ascii2hex_dato_L0, 0
0x0084	0x0DB2      	RLF        ascii2hex_dato_L0, 1
0x0085	0x1032      	BCF        ascii2hex_dato_L0, 0
;Trama.c,53 :: 		dato += mult(readData());
0x0086	0x200E      	CALL       _readData
0x0087	0x0870      	MOVF       R0, 0
0x0088	0x00B5      	MOVWF      FARG_mult_dato
0x0089	0x2029      	CALL       _mult
0x008A	0x0832      	MOVF       ascii2hex_dato_L0, 0
0x008B	0x07F0      	ADDWF      R0, 1
0x008C	0x0870      	MOVF       R0, 0
0x008D	0x00B2      	MOVWF      ascii2hex_dato_L0
;Trama.c,54 :: 		PORTB = 0xFF;
0x008E	0x30FF      	MOVLW      255
0x008F	0x0086      	MOVWF      PORTB
;Trama.c,55 :: 		return dato;
;Trama.c,56 :: 		}
L_end_ascii2hex:
0x0090	0x0008      	RETURN
; end of _ascii2hex
_start:
;Trama.c,40 :: 		void start() {
;Trama.c,41 :: 		PORTB=0X00;
0x0091	0x1283      	BCF        STATUS, 5
0x0092	0x1303      	BCF        STATUS, 6
0x0093	0x0186      	CLRF       PORTB
;Trama.c,42 :: 		ANSELH=0X00;
0x0094	0x1683      	BSF        STATUS, 5
0x0095	0x1703      	BSF        STATUS, 6
0x0096	0x0189      	CLRF       ANSELH
;Trama.c,43 :: 		TRISB=0X00;
0x0097	0x0186      	CLRF       TRISB
;Trama.c,44 :: 		UART1_Init(9600);
0x0098	0x3019      	MOVLW      25
0x0099	0x1303      	BCF        STATUS, 6
0x009A	0x0099      	MOVWF      SPBRG
0x009B	0x1518      	BSF        TXSTA, 2
0x009C	0x2037      	CALL       _UART1_Init
;Trama.c,45 :: 		Delay_ms(1);
0x009D	0x3002      	MOVLW      2
0x009E	0x00FC      	MOVWF      R12
0x009F	0x304B      	MOVLW      75
0x00A0	0x00FD      	MOVWF      R13
L_start15:
0x00A1	0x0BFD      	DECFSZ     R13, 1
0x00A2	0x28A1      	GOTO       L_start15
0x00A3	0x0BFC      	DECFSZ     R12, 1
0x00A4	0x28A1      	GOTO       L_start15
;Trama.c,46 :: 		PORTB = 0xFF;
0x00A5	0x30FF      	MOVLW      255
0x00A6	0x0086      	MOVWF      PORTB
;Trama.c,47 :: 		PORTB=0X00;
0x00A7	0x0186      	CLRF       PORTB
;Trama.c,48 :: 		}
L_end_start:
0x00A8	0x0008      	RETURN
; end of _start
___CC2DW:
;__Lib_System.c,134 :: 		
;__Lib_System.c,137 :: 		
_CC2D_Loop1:
;__Lib_System.c,139 :: 		
0x00A9	0x2047      	CALL       _____DoICP
0x00AA	0x118A      	BCF        PCLATH, 3
0x00AB	0x120A      	BCF        PCLATH, 4
;__Lib_System.c,141 :: 		
0x00AC	0x0080      	MOVWF      INDF
;__Lib_System.c,142 :: 		
0x00AD	0x0A84      	INCF       FSR, 1
;__Lib_System.c,143 :: 		
0x00AE	0x0AAD      	INCF       ___DoICPAddr, 1
;__Lib_System.c,145 :: 		
0x00AF	0x1903      	BTFSC      STATUS, 2
;__Lib_System.c,146 :: 		
0x00B0	0x0AAE      	INCF       ___DoICPAddr+1, 1
;__Lib_System.c,147 :: 		
0x00B1	0x03F0      	DECF       R0, 1
;__Lib_System.c,149 :: 		
0x00B2	0x1D03      	BTFSS      STATUS, 2
;__Lib_System.c,150 :: 		
0x00B3	0x28A9      	GOTO       _CC2D_Loop1
;__Lib_System.c,152 :: 		
L_end___CC2DW:
0x00B4	0x0008      	RETURN
; end of ___CC2DW
_main:
0x00B5	0x3053      	MOVLW      83
0x00B6	0x1283      	BCF        STATUS, 5
0x00B7	0x1303      	BCF        STATUS, 6
0x00B8	0x00A0      	MOVWF      ?lstr2_Trama
0x00B9	0x3074      	MOVLW      116
0x00BA	0x00A1      	MOVWF      33
0x00BB	0x3061      	MOVLW      97
0x00BC	0x00A2      	MOVWF      34
0x00BD	0x3072      	MOVLW      114
0x00BE	0x00A3      	MOVWF      35
0x00BF	0x3074      	MOVLW      116
0x00C0	0x00A4      	MOVWF      36
0x00C1	0x01A5      	CLRF       37
0x00C2	0x3049      	MOVLW      73
0x00C3	0x00A6      	MOVWF      ?lstr1_Trama
0x00C4	0x306E      	MOVLW      110
0x00C5	0x00A7      	MOVWF      39
0x00C6	0x3069      	MOVLW      105
0x00C7	0x00A8      	MOVWF      40
0x00C8	0x3063      	MOVLW      99
0x00C9	0x00A9      	MOVWF      41
0x00CA	0x3069      	MOVLW      105
0x00CB	0x00AA      	MOVWF      42
0x00CC	0x306F      	MOVLW      111
0x00CD	0x00AB      	MOVWF      43
0x00CE	0x01AC      	CLRF       44
;Trama.c,6 :: 		void main() {
;Trama.c,8 :: 		unsigned char byteRecv = 0x00;
;Trama.c,10 :: 		start();
0x00CF	0x2091      	CALL       _start
;Trama.c,11 :: 		for (j = 0; j < 3; j++)
0x00D0	0x01B0      	CLRF       main_j_L0
L_main4:
0x00D1	0x3003      	MOVLW      3
0x00D2	0x0230      	SUBWF      main_j_L0, 0
0x00D3	0x1803      	BTFSC      STATUS, 0
0x00D4	0x28E8      	GOTO       L_main5
;Trama.c,13 :: 		Delay_ms(1000);
0x00D5	0x3006      	MOVLW      6
0x00D6	0x00FB      	MOVWF      R11
0x00D7	0x3013      	MOVLW      19
0x00D8	0x00FC      	MOVWF      R12
0x00D9	0x30AD      	MOVLW      173
0x00DA	0x00FD      	MOVWF      R13
L_main7:
0x00DB	0x0BFD      	DECFSZ     R13, 1
0x00DC	0x28DB      	GOTO       L_main7
0x00DD	0x0BFC      	DECFSZ     R12, 1
0x00DE	0x28DB      	GOTO       L_main7
0x00DF	0x0BFB      	DECFSZ     R11, 1
0x00E0	0x28DB      	GOTO       L_main7
0x00E1	0x0000      	NOP
0x00E2	0x0000      	NOP
;Trama.c,14 :: 		UART1_Write_Text("Inicio");
0x00E3	0x3026      	MOVLW      ?lstr1_Trama
0x00E4	0x00B2      	MOVWF      FARG_UART1_Write_Text_uart_text
0x00E5	0x205F      	CALL       _UART1_Write_Text
;Trama.c,11 :: 		for (j = 0; j < 3; j++)
0x00E6	0x0AB0      	INCF       main_j_L0, 1
;Trama.c,15 :: 		}
0x00E7	0x28D1      	GOTO       L_main4
L_main5:
;Trama.c,16 :: 		while (1) {
L_main8:
;Trama.c,17 :: 		if(UART1_Data_Ready()){
0x00E8	0x2058      	CALL       _UART1_Data_Ready
0x00E9	0x0870      	MOVF       R0, 0
0x00EA	0x1903      	BTFSC      STATUS, 2
0x00EB	0x2943      	GOTO       L_main10
;Trama.c,18 :: 		byteRecv = readData();
0x00EC	0x200E      	CALL       _readData
;Trama.c,19 :: 		if(byteRecv == ':'){
0x00ED	0x0870      	MOVF       R0, 0
0x00EE	0x3A3A      	XORLW      58
0x00EF	0x1D03      	BTFSS      STATUS, 2
0x00F0	0x2942      	GOTO       L_main11
;Trama.c,20 :: 		UART1_Write_Text("Start");
0x00F1	0x3020      	MOVLW      ?lstr2_Trama
0x00F2	0x00B2      	MOVWF      FARG_UART1_Write_Text_uart_text
0x00F3	0x205F      	CALL       _UART1_Write_Text
;Trama.c,21 :: 		Trama->size = ascii2hex();
0x00F4	0x082F      	MOVF       main_Trama_L0, 0
0x00F5	0x00B1      	MOVWF      FLOC__main
0x00F6	0x2075      	CALL       _ascii2hex
0x00F7	0x0831      	MOVF       FLOC__main, 0
0x00F8	0x0084      	MOVWF      FSR
0x00F9	0x0870      	MOVF       R0, 0
0x00FA	0x0080      	MOVWF      INDF
;Trama.c,22 :: 		UART1_Write(Trama->size);
0x00FB	0x082F      	MOVF       main_Trama_L0, 0
0x00FC	0x0084      	MOVWF      FSR
0x00FD	0x0800      	MOVF       INDF, 0
0x00FE	0x00B5      	MOVWF      FARG_UART1_Write_data_
0x00FF	0x204E      	CALL       _UART1_Write
;Trama.c,23 :: 		Trama->addr = ascii2hex();
0x0100	0x0A2F      	INCF       main_Trama_L0, 0
0x0101	0x00B1      	MOVWF      FLOC__main
0x0102	0x2075      	CALL       _ascii2hex
0x0103	0x0831      	MOVF       FLOC__main, 0
0x0104	0x0084      	MOVWF      FSR
0x0105	0x0870      	MOVF       R0, 0
0x0106	0x0080      	MOVWF      INDF
;Trama.c,24 :: 		UART1_Write(Trama->addr);
0x0107	0x0A2F      	INCF       main_Trama_L0, 0
0x0108	0x0084      	MOVWF      FSR
0x0109	0x0800      	MOVF       INDF, 0
0x010A	0x00B5      	MOVWF      FARG_UART1_Write_data_
0x010B	0x204E      	CALL       _UART1_Write
;Trama.c,25 :: 		Trama->addrh = ascii2hex();
0x010C	0x3002      	MOVLW      2
0x010D	0x072F      	ADDWF      main_Trama_L0, 0
0x010E	0x00B1      	MOVWF      FLOC__main
0x010F	0x2075      	CALL       _ascii2hex
0x0110	0x0831      	MOVF       FLOC__main, 0
0x0111	0x0084      	MOVWF      FSR
0x0112	0x0870      	MOVF       R0, 0
0x0113	0x0080      	MOVWF      INDF
;Trama.c,26 :: 		UART1_Write(Trama->addrh);
0x0114	0x3002      	MOVLW      2
0x0115	0x072F      	ADDWF      main_Trama_L0, 0
0x0116	0x0084      	MOVWF      FSR
0x0117	0x0800      	MOVF       INDF, 0
0x0118	0x00B5      	MOVWF      FARG_UART1_Write_data_
0x0119	0x204E      	CALL       _UART1_Write
;Trama.c,27 :: 		Trama->type = ascii2hex();
0x011A	0x3003      	MOVLW      3
0x011B	0x072F      	ADDWF      main_Trama_L0, 0
0x011C	0x00B1      	MOVWF      FLOC__main
0x011D	0x2075      	CALL       _ascii2hex
0x011E	0x0831      	MOVF       FLOC__main, 0
0x011F	0x0084      	MOVWF      FSR
0x0120	0x0870      	MOVF       R0, 0
0x0121	0x0080      	MOVWF      INDF
;Trama.c,28 :: 		UART1_Write(Trama->type);
0x0122	0x3003      	MOVLW      3
0x0123	0x072F      	ADDWF      main_Trama_L0, 0
0x0124	0x0084      	MOVWF      FSR
0x0125	0x0800      	MOVF       INDF, 0
0x0126	0x00B5      	MOVWF      FARG_UART1_Write_data_
0x0127	0x204E      	CALL       _UART1_Write
;Trama.c,29 :: 		for (j = 0; j < Trama->size; j++)
0x0128	0x01B0      	CLRF       main_j_L0
L_main12:
0x0129	0x082F      	MOVF       main_Trama_L0, 0
0x012A	0x0084      	MOVWF      FSR
0x012B	0x0800      	MOVF       INDF, 0
0x012C	0x00F1      	MOVWF      R1
0x012D	0x0871      	MOVF       R1, 0
0x012E	0x0230      	SUBWF      main_j_L0, 0
0x012F	0x1803      	BTFSC      STATUS, 0
0x0130	0x2934      	GOTO       L_main13
;Trama.c,31 :: 		byteRecv = ascii2hex();
0x0131	0x2075      	CALL       _ascii2hex
;Trama.c,29 :: 		for (j = 0; j < Trama->size; j++)
0x0132	0x0AB0      	INCF       main_j_L0, 1
;Trama.c,32 :: 		}
0x0133	0x2929      	GOTO       L_main12
L_main13:
;Trama.c,33 :: 		Trama->checksum = ascii2hex();
0x0134	0x3005      	MOVLW      5
0x0135	0x072F      	ADDWF      main_Trama_L0, 0
0x0136	0x00B1      	MOVWF      FLOC__main
0x0137	0x2075      	CALL       _ascii2hex
0x0138	0x0831      	MOVF       FLOC__main, 0
0x0139	0x0084      	MOVWF      FSR
0x013A	0x0870      	MOVF       R0, 0
0x013B	0x0080      	MOVWF      INDF
;Trama.c,34 :: 		UART1_Write(Trama->checksum);
0x013C	0x3005      	MOVLW      5
0x013D	0x072F      	ADDWF      main_Trama_L0, 0
0x013E	0x0084      	MOVWF      FSR
0x013F	0x0800      	MOVF       INDF, 0
0x0140	0x00B5      	MOVWF      FARG_UART1_Write_data_
0x0141	0x204E      	CALL       _UART1_Write
;Trama.c,35 :: 		}
L_main11:
;Trama.c,36 :: 		PORTB = 0x00;
0x0142	0x0186      	CLRF       PORTB
;Trama.c,37 :: 		}
L_main10:
;Trama.c,38 :: 		}
0x0143	0x28E8      	GOTO       L_main8
;Trama.c,39 :: 		}
L_end_main:
0x0144	0x2944      	GOTO       $+0
; end of _main
Symbol List:
//** Routines locations **
//ADDRESS    SIZE    PROCEDURE
//----------------------------------------------
0x0003      [11]    _UART1_Read
0x000E      [27]    _readData
0x0029      [14]    _mult
0x0037      [16]    _UART1_Init
0x0047       [7]    _____DoICP
0x004E      [10]    _UART1_Write
0x0058       [7]    _UART1_Data_Ready
0x005F      [22]    _UART1_Write_Text
0x0075      [28]    _ascii2hex
0x0091      [24]    _start
0x00A9      [12]    ___CC2DW
0x00B5     [144]    _main
//** Variables locations ** 
//ADDRESS    SIZE    VARIABLE
//----------------------------------------------
0x0000       [1]    INDF
0x0002       [1]    PCL
0x0003       [1]    STATUS
0x0004       [1]    FSR
0x0006       [1]    PORTB
0x000A       [1]    PCLATH
0x000C       [1]    PIR1
0x0018       [1]    RCSTA
0x0019       [1]    TXREG
0x001A       [1]    RCREG
0x0020       [6]    ?lstr2_Trama
0x0026       [7]    ?lstr1_Trama
0x002D       [2]    ___DoICPAddr
0x002F       [1]    main_Trama_L0
0x0030       [1]    main_j_L0
0x0031       [1]    FLOC__main
0x0032       [1]    FARG_UART1_Write_Text_uart_text
0x0032       [1]    ascii2hex_dato_L0
0x0033       [1]    UART1_Write_Text_data__L0
0x0034       [1]    UART1_Write_Text_counter_L0
0x0035       [1]    FARG_UART1_Write_data_
0x0035       [1]    FARG_mult_dato
0x0035       [1]    readData_dato_L0
0x0070       [1]    R0
0x0071       [1]    R1
0x0072       [1]    R2
0x0073       [1]    R3
0x0074       [1]    R4
0x0075       [1]    R5
0x0076       [1]    R6
0x0077       [1]    R7
0x0078       [1]    R8
0x0079       [1]    R9
0x007A       [1]    R10
0x007B       [1]    R11
0x007C       [1]    R12
0x007D       [1]    R13
0x007E       [1]    R14
0x007F       [1]    R15
0x0086       [1]    TRISB
0x0087       [0]    TRISC7_bit
0x0087       [0]    TRISC6_bit
0x0098       [1]    TXSTA
0x0099       [1]    SPBRG
0x009A       [1]    SPBRGH
0x0189       [1]    ANSELH
